# JRE version: OpenJDK Runtime Environment (8.0_242-b01) (build 1.8.0_242-release-1644-b01)
# Java VM: OpenJDK 64-Bit Server VM (25.242-b01 mixed mode windows-amd64 compressed oops)
Heap:
 PSYoungGen      total 417280K, used 371714K [0x00000000e0000000, 0x0000000100000000, 0x0000000100000000)
  eden space 324608K, 100% used [0x00000000e0000000,0x00000000f3d00000,0x00000000f3d00000)
  from space 92672K, 50% used [0x00000000f3d00000,0x00000000f6b00b60,0x00000000f9780000)
  to   space 89088K, 9% used [0x00000000fa900000,0x00000000fb190040,0x0000000100000000)
 ParOldGen       total 495104K, used 254019K [0x00000000a0000000, 0x00000000be380000, 0x00000000e0000000)
  object space 495104K, 51% used [0x00000000a0000000,0x00000000af810f28,0x00000000be380000)
 Metaspace       used 145926K, capacity 151918K, committed 152104K, reserved 1181696K
  class space    used 18629K, capacity 19891K, committed 20016K, reserved 1048576K
GC Heap History (10 events):
Event: 143.079 GC heap after
Heap after GC invocations=22 (full 5):
 PSYoungGen      total 408064K, used 42467K [0x00000000e0000000, 0x0000000100000000, 0x0000000100000000)
  eden space 291840K, 0% used [0x00000000e0000000,0x00000000e0000000,0x00000000f1d00000)
  from space 116224K, 36% used [0x00000000f1d00000,0x00000000f4678c70,0x00000000f8e80000)
  to   space 109056K, 0% used [0x00000000f9580000,0x00000000f9580000,0x0000000100000000)
 ParOldGen       total 495104K, used 225244K [0x00000000a0000000, 0x00000000be380000, 0x00000000e0000000)
  object space 495104K, 45% used [0x00000000a0000000,0x00000000adbf7110,0x00000000be380000)
 Metaspace       used 144893K, capacity 150624K, committed 150824K, reserved 1179648K
  class space    used 18513K, capacity 19734K, committed 19760K, reserved 1048576K
}
Event: 146.042 GC heap before
{Heap before GC invocations=23 (full 5):
 PSYoungGen      total 408064K, used 334307K [0x00000000e0000000, 0x0000000100000000, 0x0000000100000000)
  eden space 291840K, 100% used [0x00000000e0000000,0x00000000f1d00000,0x00000000f1d00000)
  from space 116224K, 36% used [0x00000000f1d00000,0x00000000f4678c70,0x00000000f8e80000)
  to   space 109056K, 0% used [0x00000000f9580000,0x00000000f9580000,0x0000000100000000)
 ParOldGen       total 495104K, used 225244K [0x00000000a0000000, 0x00000000be380000, 0x00000000e0000000)
  object space 495104K, 45% used [0x00000000a0000000,0x00000000adbf7110,0x00000000be380000)
 Metaspace       used 145134K, capacity 150908K, committed 151208K, reserved 1181696K
  class space    used 18533K, capacity 19776K, committed 19888K, reserved 1048576K
Event: 146.129 GC heap after
Heap after GC invocations=23 (full 5):
 PSYoungGen      total 388608K, used 41898K [0x00000000e0000000, 0x00000000fed00000, 0x0000000100000000)
  eden space 299008K, 0% used [0x00000000e0000000,0x00000000e0000000,0x00000000f2400000)
  from space 89600K, 46% used [0x00000000f9580000,0x00000000fbe6a908,0x00000000fed00000)
  to   space 102912K, 0% used [0x00000000f2400000,0x00000000f2400000,0x00000000f8880000)
 ParOldGen       total 495104K, used 225252K [0x00000000a0000000, 0x00000000be380000, 0x00000000e0000000)
  object space 495104K, 45% used [0x00000000a0000000,0x00000000adbf9110,0x00000000be380000)
 Metaspace       used 145134K, capacity 150908K, committed 151208K, reserved 1181696K
  class space    used 18533K, capacity 19776K, committed 19888K, reserved 1048576K
}
Event: 148.530 GC heap before
{Heap before GC invocations=24 (full 5):
 PSYoungGen      total 388608K, used 340906K [0x00000000e0000000, 0x00000000fed00000, 0x0000000100000000)
  eden space 299008K, 100% used [0x00000000e0000000,0x00000000f2400000,0x00000000f2400000)
  from space 89600K, 46% used [0x00000000f9580000,0x00000000fbe6a908,0x00000000fed00000)
  to   space 102912K, 0% used [0x00000000f2400000,0x00000000f2400000,0x00000000f8880000)
 ParOldGen       total 495104K, used 225252K [0x00000000a0000000, 0x00000000be380000, 0x00000000e0000000)
  object space 495104K, 45% used [0x00000000a0000000,0x00000000adbf9110,0x00000000be380000)
 Metaspace       used 145359K, capacity 151114K, committed 151464K, reserved 1181696K
  class space    used 18561K, capacity 19791K, committed 19888K, reserved 1048576K
Event: 148.656 GC heap after
Heap after GC invocations=24 (full 5):
 PSYoungGen      total 401920K, used 43538K [0x00000000e0000000, 0x0000000100000000, 0x0000000100000000)
  eden space 299008K, 0% used [0x00000000e0000000,0x00000000e0000000,0x00000000f2400000)
  from space 102912K, 42% used [0x00000000f2400000,0x00000000f4e84878,0x00000000f8880000)
  to   space 96768K, 0% used [0x00000000fa180000,0x00000000fa180000,0x0000000100000000)
 ParOldGen       total 495104K, used 225260K [0x00000000a0000000, 0x00000000be380000, 0x00000000e0000000)
  object space 495104K, 45% used [0x00000000a0000000,0x00000000adbfb110,0x00000000be380000)
 Metaspace       used 145359K, capacity 151114K, committed 151464K, reserved 1181696K
  class space    used 18561K, capacity 19791K, committed 19888K, reserved 1048576K
}
Event: 151.008 GC heap before
{Heap before GC invocations=25 (full 5):
 PSYoungGen      total 401920K, used 342546K [0x00000000e0000000, 0x0000000100000000, 0x0000000100000000)
  eden space 299008K, 100% used [0x00000000e0000000,0x00000000f2400000,0x00000000f2400000)
  from space 102912K, 42% used [0x00000000f2400000,0x00000000f4e84878,0x00000000f8880000)
  to   space 96768K, 0% used [0x00000000fa180000,0x00000000fa180000,0x0000000100000000)
 ParOldGen       total 495104K, used 225260K [0x00000000a0000000, 0x00000000be380000, 0x00000000e0000000)
  object space 495104K, 45% used [0x00000000a0000000,0x00000000adbfb110,0x00000000be380000)
 Metaspace       used 145531K, capacity 151394K, committed 151464K, reserved 1181696K
  class space    used 18585K, capacity 19849K, committed 19888K, reserved 1048576K
Event: 151.084 GC heap after
Heap after GC invocations=25 (full 5):
 PSYoungGen      total 407040K, used 45474K [0x00000000e0000000, 0x00000000ff200000, 0x0000000100000000)
  eden space 324608K, 0% used [0x00000000e0000000,0x00000000e0000000,0x00000000f3d00000)
  from space 82432K, 55% used [0x00000000fa180000,0x00000000fcde8a98,0x00000000ff200000)
  to   space 92672K, 0% used [0x00000000f3d00000,0x00000000f3d00000,0x00000000f9780000)
 ParOldGen       total 495104K, used 225268K [0x00000000a0000000, 0x00000000be380000, 0x00000000e0000000)
  object space 495104K, 45% used [0x00000000a0000000,0x00000000adbfd110,0x00000000be380000)
 Metaspace       used 145531K, capacity 151394K, committed 151464K, reserved 1181696K
  class space    used 18585K, capacity 19849K, committed 19888K, reserved 1048576K
}
Event: 153.152 GC heap before
{Heap before GC invocations=26 (full 5):
 PSYoungGen      total 407040K, used 370082K [0x00000000e0000000, 0x00000000ff200000, 0x0000000100000000)
  eden space 324608K, 100% used [0x00000000e0000000,0x00000000f3d00000,0x00000000f3d00000)
  from space 82432K, 55% used [0x00000000fa180000,0x00000000fcde8a98,0x00000000ff200000)
  to   space 92672K, 0% used [0x00000000f3d00000,0x00000000f3d00000,0x00000000f9780000)
 ParOldGen       total 495104K, used 225268K [0x00000000a0000000, 0x00000000be380000, 0x00000000e0000000)
  object space 495104K, 45% used [0x00000000a0000000,0x00000000adbfd110,0x00000000be380000)
 Metaspace       used 145563K, capacity 151462K, committed 151720K, reserved 1181696K
  class space    used 18585K, capacity 19849K, committed 19888K, reserved 1048576K
Event: 153.232 GC heap after
Heap after GC invocations=26 (full 5):
 PSYoungGen      total 417280K, used 47106K [0x00000000e0000000, 0x0000000100000000, 0x0000000100000000)
  eden space 324608K, 0% used [0x00000000e0000000,0x00000000e0000000,0x00000000f3d00000)
  from space 92672K, 50% used [0x00000000f3d00000,0x00000000f6b00b60,0x00000000f9780000)
  to   space 89088K, 0% used [0x00000000fa900000,0x00000000fa900000,0x0000000100000000)
 ParOldGen       total 495104K, used 225276K [0x00000000a0000000, 0x00000000be380000, 0x00000000e0000000)
  object space 495104K, 45% used [0x00000000a0000000,0x00000000adbff110,0x00000000be380000)
 Metaspace       used 145563K, capacity 151462K, committed 151720K, reserved 1181696K
  class space    used 18585K, capacity 19849K, committed 19888K, reserved 1048576K
}
Event: 157.089 GC heap before
{Heap before GC invocations=27 (full 5):
 PSYoungGen      total 417280K, used 371714K [0x00000000e0000000, 0x0000000100000000, 0x0000000100000000)
  eden space 324608K, 100% used [0x00000000e0000000,0x00000000f3d00000,0x00000000f3d00000)
  from space 92672K, 50% used [0x00000000f3d00000,0x00000000f6b00b60,0x00000000f9780000)
  to   space 89088K, 0% used [0x00000000fa900000,0x00000000fa900000,0x0000000100000000)
 ParOldGen       total 495104K, used 225276K [0x00000000a0000000, 0x00000000be380000, 0x00000000e0000000)
  object space 495104K, 45% used [0x00000000a0000000,0x00000000adbff110,0x00000000be380000)
 Metaspace       used 145926K, capacity 151918K, committed 152104K, reserved 1181696K
  class space    used 18629K, capacity 19891K, committed 20016K, reserved 1048576K

